pi@raspberrypi1:~/work/RasPike/sdk/workspace $ make img=proto
rm -rf /home/pi/work/RasPike/sdk/workspace/.././OBJ/
cd /home/pi/work/RasPike/sdk/workspace/.././OBJ/ && \
ruby /home/pi/work/RasPike/sdk/workspace/../../configure.rb  -T raspi_gcc -A app \
	-a ../workspace/proto \
	-D ../.. \
	-l c++ \
	-m ../common/Makefile.img \
	-o "" \
	-t \
	-d ./dep \
	-C ../common/athrill_common.cdl \
	-U "" && \
make clean
Generating Makefile from ../common/Makefile.img.
make[1]: Entering directory '/home/pi/work/RasPike/sdk/OBJ'
rm -f \#* *~ ./*.o ./dep/*.d  check.timestamp
rm -f asp asp.syms asp.srec asp.bin
rm -f kernel_opt.timestamp   cfg3_out.db
rm -f cfg3_out.syms cfg3_out.srec 
rm -f kernel_cfg.timestamp kernel_cfg.h kernel_cfg.c   cfg2_out.db
rm -f cfg2_out.syms cfg2_out.srec 
rm -f offset.timestamp 
rm -f cfg1_out.syms cfg1_out.srec cfg1_out
rm -f cfg1_out.timestamp cfg1_out.c cfg1_out.db
rm -rf ./gen
rm -f libkernel.a
make[1]: Leaving directory '/home/pi/work/RasPike/sdk/OBJ'
# -S "banner.o syslog.o serial.o logtask.o" 
(cd /home/pi/work/RasPike/sdk/workspace/.././OBJ/ && \
make kernel_cfg.h && \
make -j8 > /dev/null ) && \
cp /home/pi/work/RasPike/sdk/workspace/.././OBJ//asp /home/pi/work/RasPike/sdk/workspace && \
echo "/home/pi/work/RasPike/sdk/workspace/proto" > /home/pi/work/RasPike/sdk/workspace/appdir
make[1]: Entering directory '/home/pi/work/RasPike/sdk/OBJ'
if grep -sq  "tecsgen.cfg" ../workspace/proto/app.cfg ; then \
	cat ../workspace/proto/app.cfg > tmp_app.cfg ; \
else \
	echo "INCLUDE(\"tecsgen.cfg\")" >> tmp_app.cfg; \
	cat ../workspace/proto/app.cfg >> tmp_app.cfg ; \
fi; 
ruby ../../tecsgen/tecsgen.rb ../common/athrill_common.cdl -R -I. -I../../include -I. -I../../include -I../../target/raspi_gcc/drivers -I../../target/raspi_gcc -I../../arch/gcc -I../../target/raspi_gcc/athrill -I../../target/raspi_gcc/athrill/option -I../.. -I../.. -I/home/pi/work/RasPike/sdk/OBJ/../../../athrill/apl/include -I../common/ev3api/include -I../common/ev3api/src -I../workspace/proto -I../../target/raspi_gcc/athrill -I../common -I../common/ev3api -I../common/ev3api/include -I../workspace/proto/workspace/include -I../workspace/proto/workspace/include/Action -I../workspace/proto/workspace/include/ColorSpace -I../workspace/proto/workspace/include/Steering -I../workspace/proto/workspace/include/system -I../workspace/proto/workspace/include/CarData -I../workspace/proto/workspace/include/Scene -I../workspace/proto/workspace/include/Avoidance -I../workspace/proto/workspace/include/Task -I../workspace/proto/workspace/include/Judge -I../workspace/proto/workspace/include/FileOp -I../workspace/proto/workspace/include/SceneInfo -I../workspace/proto/workspace/include/Sonic -I../workspace/proto/workspace/include/Correction  -I./gen -I../../tecs_kernel -I/tecs -I/tecs/rpc -I../../target/raspi_gcc/platform/include -I../../target/raspi_gcc/pil/include -I../../target/raspi_gcc/TLSF-2.4.6/include -I../../target/raspi_gcc/drivers/motor/include -I../../target/raspi_gcc/drivers/brick/include -I../../target/raspi_gcc/drivers/uart/include -I../../target/raspi_gcc/drivers/common/virtual-linux-kernel/include -I../../target/raspi_gcc/drivers/common/virtual-linux-kernel/arch/arm/include -I../../target/raspi_gcc/drivers/common/include -I../../target/raspi_gcc/drivers/gpio/include --cpp "gcc -DBUILD_EV3_PLATFORM  -DTOPPERS_SUPPORT_PROTECT -I. -I../../include -I. -I../../include -I../../target/raspi_gcc/drivers -I../../target/raspi_gcc -I../../arch/gcc -I../../target/raspi_gcc/athrill -I../../target/raspi_gcc/athrill/option -I../.. -I../.. -I/home/pi/work/RasPike/sdk/OBJ/../../../athrill/apl/include -I../common/ev3api/include -I../common/ev3api/src -I../workspace/proto -I../../target/raspi_gcc/athrill -I../common -I../common/ev3api -I../common/ev3api/include -I../workspace/proto/workspace/include -I../workspace/proto/workspace/include/Action -I../workspace/proto/workspace/include/ColorSpace -I../workspace/proto/workspace/include/Steering -I../workspace/proto/workspace/include/system -I../workspace/proto/workspace/include/CarData -I../workspace/proto/workspace/include/Scene -I../workspace/proto/workspace/include/Avoidance -I../workspace/proto/workspace/include/Task -I../workspace/proto/workspace/include/Judge -I../workspace/proto/workspace/include/FileOp -I../workspace/proto/workspace/include/SceneInfo -I../workspace/proto/workspace/include/Sonic -I../workspace/proto/workspace/include/Correction  -I./gen -I../../tecs_kernel -I/tecs -I/tecs/rpc -I../../target/raspi_gcc/platform/include -I../../target/raspi_gcc/pil/include -I../../target/raspi_gcc/TLSF-2.4.6/include -I../../target/raspi_gcc/drivers/motor/include -I../../target/raspi_gcc/drivers/brick/include -I../../target/raspi_gcc/drivers/uart/include -I../../target/raspi_gcc/drivers/common/virtual-linux-kernel/include -I../../target/raspi_gcc/drivers/common/virtual-linux-kernel/arch/arm/include -I../../target/raspi_gcc/drivers/common/include -I../../target/raspi_gcc/drivers/gpio/include  -D TECSGEN -E" -g ./gen
tecsgen  version 1.5.0  Copyright(c) 2008-2017, TOPPERS project. All rights reserved.
warning: ./gen/tmp_tecs_kernel.h: line 32 W9999 double & long incompatible ('long double' is not supported.). Treated as double.
warning: ./gen/tmp_syssvc_serial.h: line 32 W9999 double & long incompatible ('long double' is not supported.). Treated as double.
warning: ./gen/tmp_t_syslog.h: line 30 W9999 double & long incompatible ('long double' is not supported.). Treated as double.
3 warnings
  CFG[1]  cfg1_out.timestamp
ruby ../../cfg/cfg.rb --pass 1 --kernel asp -I. -I../../include -I. -I../../include -I../../target/raspi_gcc/drivers -I../../target/raspi_gcc -I../../arch/gcc -I../../target/raspi_gcc/athrill -I../../target/raspi_gcc/athrill/option -I../.. -I../.. -I/home/pi/work/RasPike/sdk/OBJ/../../../athrill/apl/include -I../common/ev3api/include -I../common/ev3api/src -I../workspace/proto -I../../target/raspi_gcc/athrill -I../common -I../common/ev3api -I../common/ev3api/include -I../workspace/proto/workspace/include -I../workspace/proto/workspace/include/Action -I../workspace/proto/workspace/include/ColorSpace -I../workspace/proto/workspace/include/Steering -I../workspace/proto/workspace/include/system -I../workspace/proto/workspace/include/CarData -I../workspace/proto/workspace/include/Scene -I../workspace/proto/workspace/include/Avoidance -I../workspace/proto/workspace/include/Task -I../workspace/proto/workspace/include/Judge -I../workspace/proto/workspace/include/FileOp -I../workspace/proto/workspace/include/SceneInfo -I../workspace/proto/workspace/include/Sonic -I../workspace/proto/workspace/include/Correction  -I./gen -I../../tecs_kernel -I/tecs -I/tecs/rpc -I../../target/raspi_gcc/platform/include -I../../target/raspi_gcc/pil/include -I../../target/raspi_gcc/TLSF-2.4.6/include -I../../target/raspi_gcc/drivers/motor/include -I../../target/raspi_gcc/drivers/brick/include -I../../target/raspi_gcc/drivers/uart/include -I../../target/raspi_gcc/drivers/common/virtual-linux-kernel/include -I../../target/raspi_gcc/drivers/common/virtual-linux-kernel/arch/arm/include -I../../target/raspi_gcc/drivers/common/include -I../../target/raspi_gcc/drivers/gpio/include --api-table ../../kernel/kernel_api.def --symval-table ../../kernel/kernel_sym.def  --symval-table ../../target/raspi_gcc/target_sym.def --api-table ../common/ev3api/ev3api.csv \
					-M ./dep/cfg1_out_c.d ../../target/raspi_gcc/target_kernel.cfg tmp_app.cfg
tmp_app.cfg:6: warning: `DOMAIN' is not supported
[cfg.rb] Generated cfg1_out.c
  CC      cfg1_out.c
cc1: warning: command-line option ‘-std=gnu++11’ is valid for C++/ObjC++ but not for C
cc1: warning: command-line option ‘-fno-threadsafe-statics’ is valid for C++/ObjC++ but not for C
In file included from ../workspace/proto/app.h:54,
                 from cfg1_out.c:12:
../../target/raspi_gcc/target_test.h:53: warning: "STACK_SIZE" redefined
   53 | #define STACK_SIZE    SIGSTKSZ
      | 
In file included from ../common/ev3api/api.cfg.h:6,
                 from cfg1_out.c:11:
../../target/raspi_gcc/ev3.h:31: note: this is the location of the previous definition
   31 | #define STACK_SIZE  4096
      | 
  LINK    cfg1_out
g++ -O2 -Wall -g  -D_GNU_SOURCE -pthread -fsigned-char -std=c99 -DSYSLOG_IMPLEMENT_AS_PRINTF -DMAKE_RASPIKE  -DMAKE_EV3 -DMAKE_EV3 -std=gnu++11 -fno-threadsafe-statics -DBUILD_EV3_PLATFORM  -DTOPPERS_SUPPORT_PROTECT -I. -I../../include -I. -I../../include -I../../target/raspi_gcc/drivers -I../../target/raspi_gcc -I../../arch/gcc -I../../target/raspi_gcc/athrill -I../../target/raspi_gcc/athrill/option -I../.. -I../.. -I/home/pi/work/RasPike/sdk/OBJ/../../../athrill/apl/include -I../common/ev3api/include -I../common/ev3api/src -I../workspace/proto -I../../target/raspi_gcc/athrill -I../common -I../common/ev3api -I../common/ev3api/include -I../workspace/proto/workspace/include -I../workspace/proto/workspace/include/Action -I../workspace/proto/workspace/include/ColorSpace -I../workspace/proto/workspace/include/Steering -I../workspace/proto/workspace/include/system -I../workspace/proto/workspace/include/CarData -I../workspace/proto/workspace/include/Scene -I../workspace/proto/workspace/include/Avoidance -I../workspace/proto/workspace/include/Task -I../workspace/proto/workspace/include/Judge -I../workspace/proto/workspace/include/FileOp -I../workspace/proto/workspace/include/SceneInfo -I../workspace/proto/workspace/include/Sonic -I../workspace/proto/workspace/include/Correction  -I./gen -I../../tecs_kernel -I/tecs -I/tecs/rpc -I../../target/raspi_gcc/platform/include -I../../target/raspi_gcc/pil/include -I../../target/raspi_gcc/TLSF-2.4.6/include -I../../target/raspi_gcc/drivers/motor/include -I../../target/raspi_gcc/drivers/brick/include -I../../target/raspi_gcc/drivers/uart/include -I../../target/raspi_gcc/drivers/common/virtual-linux-kernel/include -I../../target/raspi_gcc/drivers/common/virtual-linux-kernel/arch/arm/include -I../../target/raspi_gcc/drivers/common/include -I../../target/raspi_gcc/drivers/gpio/include -L .     -o cfg1_out \
					 ./cfg1_out.o  -lstdc++ -lm -lc -lgcc -std=c++11  
  NM      cfg1_out.syms
  OBJCOPY cfg1_out.srec
  CFG[2]  kernel_cfg.timestamp
ruby ../../cfg/cfg.rb --pass 2 --kernel asp -I. -I../../include -I. -I../../include -I../../target/raspi_gcc/drivers -I../../target/raspi_gcc -I../../arch/gcc -I../../target/raspi_gcc/athrill -I../../target/raspi_gcc/athrill/option -I../.. -I../.. -I/home/pi/work/RasPike/sdk/OBJ/../../../athrill/apl/include -I../common/ev3api/include -I../common/ev3api/src -I../workspace/proto -I../../target/raspi_gcc/athrill -I../common -I../common/ev3api -I../common/ev3api/include -I../workspace/proto/workspace/include -I../workspace/proto/workspace/include/Action -I../workspace/proto/workspace/include/ColorSpace -I../workspace/proto/workspace/include/Steering -I../workspace/proto/workspace/include/system -I../workspace/proto/workspace/include/CarData -I../workspace/proto/workspace/include/Scene -I../workspace/proto/workspace/include/Avoidance -I../workspace/proto/workspace/include/Task -I../workspace/proto/workspace/include/Judge -I../workspace/proto/workspace/include/FileOp -I../workspace/proto/workspace/include/SceneInfo -I../workspace/proto/workspace/include/Sonic -I../workspace/proto/workspace/include/Correction  -I./gen -I../../tecs_kernel -I/tecs -I/tecs/rpc -I../../target/raspi_gcc/platform/include -I../../target/raspi_gcc/pil/include -I../../target/raspi_gcc/TLSF-2.4.6/include -I../../target/raspi_gcc/drivers/motor/include -I../../target/raspi_gcc/drivers/brick/include -I../../target/raspi_gcc/drivers/uart/include -I../../target/raspi_gcc/drivers/common/virtual-linux-kernel/include -I../../target/raspi_gcc/drivers/common/virtual-linux-kernel/arch/arm/include -I../../target/raspi_gcc/drivers/common/include -I../../target/raspi_gcc/drivers/gpio/include -T ../../target/raspi_gcc/target_kernel.trb
[cfg.rb] Generated kernel_cfg.h
[cfg.rb] Generated kernel_cfg.c
make[1]: Leaving directory '/home/pi/work/RasPike/sdk/OBJ'
  CC      ../../target/raspi_gcc/platform/src/ev3main.c
  CC      ../../target/raspi_gcc/pil/src/ev3_svc.c
  CC      ../../target/raspi_gcc/pil/src/driver_interface_brick.c
  CC      ../../target/raspi_gcc/drivers/brick/src/brick_dri.c
  CC      ../../target/raspi_gcc/drivers/uart/src/uart_dri.c
  CC      ../../target/raspi_gcc/drivers/motor/src/motor_dri.c
cc1: warning: command-line option ‘-std=gnu++11’ is valid for C++/ObjC++ but not for C
cc1: warning: command-line option ‘-fno-threadsafe-statics’ is valid for C++/ObjC++ but not for C
cc1: warning: command-line option ‘-std=gnu++11’ is valid for C++/ObjC++ but not for C
cc1: warning: command-line option ‘-fno-threadsafe-statics’ is valid for C++/ObjC++ but not for C
cc1: warning: command-line option ‘-std=gnu++11’ is valid for C++/ObjC++ but not for C
cc1: warning: command-line option ‘-fno-threadsafe-statics’ is valid for C++/ObjC++ but not for C
cc1: warning: command-line option ‘-std=gnu++11’ is valid for C++/ObjC++ but not for C
cc1: warning: command-line option ‘-fno-threadsafe-statics’ is valid for C++/ObjC++ but not for C
cc1: warning: command-line option ‘-std=gnu++11’ is valid for C++/ObjC++ but not for C
cc1: warning: command-line option ‘-fno-threadsafe-statics’ is valid for C++/ObjC++ but not for C
  CC      ../../target/raspi_gcc/drivers/gpio/src/gpio_dri.c
cc1: warning: command-line option ‘-std=gnu++11’ is valid for C++/ObjC++ but not for C
cc1: warning: command-line option ‘-fno-threadsafe-statics’ is valid for C++/ObjC++ but not for C
  CC      ../../target/raspi_gcc/drivers/uart/src/athrill_serial_driver.c
cc1: warning: command-line option ‘-std=gnu++11’ is valid for C++/ObjC++ but not for C
cc1: warning: command-line option ‘-fno-threadsafe-statics’ is valid for C++/ObjC++ but not for C
cc1: warning: command-line option ‘-std=gnu++11’ is valid for C++/ObjC++ but not for C
cc1: warning: command-line option ‘-fno-threadsafe-statics’ is valid for C++/ObjC++ but not for C
  CC      ../../target/raspi_gcc/athrill/athrill-libgcc.c
cc1: warning: command-line option ‘-std=gnu++11’ is valid for C++/ObjC++ but not for C
cc1: warning: command-line option ‘-fno-threadsafe-statics’ is valid for C++/ObjC++ but not for C
  CC      ../../target/raspi_gcc/athrill/vdev.c
  CC      ../../target/raspi_gcc/athrill/vdev_com_udp.c
../../target/raspi_gcc/drivers/uart/src/uart_dri.c: In function ‘uart_dri_get_data_ultrasonic’:
../../target/raspi_gcc/drivers/uart/src/uart_dri.c:49:34: warning: passing argument 3 of ‘uart_wait_mode_change’ discards ‘const’ qualifier from pointer target type [-Wdiscarded-qualifiers]
   49 |  uart_wait_mode_change(port,mode,addr);
      |                                  ^~~~
../../target/raspi_gcc/drivers/uart/src/uart_dri.c:18:72: note: expected ‘uint32_t *’ {aka ‘unsigned int *’} but argument is of type ‘const uint32_t *’ {aka ‘const unsigned int *’}
   18 | static void uart_wait_mode_change(uint8_t port,uint8_t mode, uint32_t *check_addr)
      |                                                              ~~~~~~~~~~^~~~~~~~~~
cc1: warning: command-line option ‘-std=gnu++11’ is valid for C++/ObjC++ but not for C
cc1: warning: command-line option ‘-fno-threadsafe-statics’ is valid for C++/ObjC++ but not for C
cc1: warning: command-line option ‘-std=gnu++11’ is valid for C++/ObjC++ but not for C
cc1: warning: command-line option ‘-fno-threadsafe-statics’ is valid for C++/ObjC++ but not for C
In file included from ../../target/raspi_gcc/pil/include/driver_interface_lcd.h:7,
                 from ../../target/raspi_gcc/pil/include/platform_interface_layer.h:14,
                 from ../../target/raspi_gcc/drivers/common/include/driver_common.h:14,
                 from ../../target/raspi_gcc/drivers/gpio/src/gpio_dri.c:11:
../../include/itron.h:113: warning: "TRUE" redefined
  113 | #define TRUE  true   /* 真 */
      | 
In file included from ../../target/raspi_gcc/athrill/vdev.h:4,
                 from ../../target/raspi_gcc/pil/include/ev3_vdev.h:4,
                 from ../../target/raspi_gcc/drivers/gpio/src/gpio_dri.c:8:
../../target/raspi_gcc/athrill/std_types.h:29: note: this is the location of the previous definition
   29 | #define TRUE (1U)
      | 
In file included from ../../target/raspi_gcc/pil/include/driver_interface_lcd.h:7,
                 from ../../target/raspi_gcc/pil/include/platform_interface_layer.h:14,
                 from ../../target/raspi_gcc/drivers/common/include/driver_common.h:14,
                 from ../../target/raspi_gcc/drivers/gpio/src/gpio_dri.c:11:
../../include/itron.h:114: warning: "FALSE" redefined
  114 | #define FALSE  false   /* 偽 */
      | 
In file included from ../../target/raspi_gcc/athrill/vdev.h:4,
                 from ../../target/raspi_gcc/pil/include/ev3_vdev.h:4,
                 from ../../target/raspi_gcc/drivers/gpio/src/gpio_dri.c:8:
../../target/raspi_gcc/athrill/std_types.h:33: note: this is the location of the previous definition
   33 | #define FALSE (0U)
      | 
  CC      ../../target/raspi_gcc/athrill/vdev_prot_athrill.c
cc1: warning: command-line option ‘-std=gnu++11’ is valid for C++/ObjC++ but not for C
cc1: warning: command-line option ‘-fno-threadsafe-statics’ is valid for C++/ObjC++ but not for C
  CC      ../../target/raspi_gcc/athrill/vdev_com_serial.c
cc1: warning: command-line option ‘-std=gnu++11’ is valid for C++/ObjC++ but not for C
cc1: warning: command-line option ‘-fno-threadsafe-statics’ is valid for C++/ObjC++ but not for C
  CC      ../../target/raspi_gcc/athrill/vdev_prot_raspike.c
  CC      ../../target/raspi_gcc/athrill/athrill_mpthread.c
cc1: warning: command-line option ‘-std=gnu++11’ is valid for C++/ObjC++ but not for C
cc1: warning: command-line option ‘-fno-threadsafe-statics’ is valid for C++/ObjC++ but not for C
cc1: warning: command-line option ‘-std=gnu++11’ is valid for C++/ObjC++ but not for C
cc1: warning: command-line option ‘-fno-threadsafe-statics’ is valid for C++/ObjC++ but not for C
  CC      ../../target/raspi_gcc/athrill/udp_comm.c
../../target/raspi_gcc/athrill/vdev_com_serial.c: In function ‘vdevSerialInit’:
../../target/raspi_gcc/athrill/vdev_com_serial.c:51:13: warning: passing argument 1 of ‘tcgetattr’ makes integer from pointer without a cast [-Wint-conversion]
   51 |   tcgetattr(&tio,0);
      |             ^~~~
      |             |
      |             struct termios *
In file included from ../../target/raspi_gcc/athrill/vdev_com_serial.c:6:
/usr/include/termios.h:66:27: note: expected ‘int’ but argument is of type ‘struct termios *’
   66 | extern int tcgetattr (int __fd, struct termios *__termios_p) __THROW;
      |                       ~~~~^~~~
cc1: warning: command-line option ‘-std=gnu++11’ is valid for C++/ObjC++ but not for C
cc1: warning: command-line option ‘-fno-threadsafe-statics’ is valid for C++/ObjC++ but not for C
  CC      ../../library/log_output.c
cc1: warning: command-line option ‘-std=gnu++11’ is valid for C++/ObjC++ but not for C
cc1: warning: command-line option ‘-fno-threadsafe-statics’ is valid for C++/ObjC++ but not for C
  CC      ../../library/vasyslog.c
../../target/raspi_gcc/athrill/vdev_prot_athrill.c: In function ‘vdevProtAthrillInit’:
../../target/raspi_gcc/athrill/vdev_prot_athrill.c:51:18: warning: variable ‘err’ set but not used [-Wunused-but-set-variable]
   51 |   Std_ReturnType err;
      |                  ^~~
../../target/raspi_gcc/athrill/vdev_prot_athrill.c: In function ‘vdevProtAthrillSilCb’:
../../target/raspi_gcc/athrill/vdev_prot_athrill.c:111:25: warning: passing argument 1 of ‘cur_com->send’ from incompatible pointer type [-Wincompatible-pointer-types]
  111 |     err = cur_com->send(&vdev_control.comm.write_data.buffer, vdev_control.comm.write_data.len);
      |                         ^~~~~~~~~~~~~~~~~~~~~~~~~~~~~~~~~~~~
      |                         |
      |                         char (*)[4096]
../../target/raspi_gcc/athrill/vdev_prot_athrill.c:111:25: note: expected ‘const unsigned char *’ but argument is of type ‘char (*)[4096]’
../../target/raspi_gcc/athrill/vdev_prot_athrill.c: In function ‘vdev_thread_do_proc’:
../../target/raspi_gcc/athrill/vdev_prot_athrill.c:185:27: warning: passing argument 1 of ‘cur_com->receive’ from incompatible pointer type [-Wincompatible-pointer-types]
  185 |    err = cur_com->receive(&vdev_control.comm.read_data.buffer,sizeof(vdev_control.comm.read_data.buffer));
      |                           ^~~~~~~~~~~~~~~~~~~~~~~~~~~~~~~~~~~
      |                           |
      |                           char (*)[4096]
../../target/raspi_gcc/athrill/vdev_prot_athrill.c:185:27: note: expected ‘unsigned char *’ but argument is of type ‘char (*)[4096]’
cc1: warning: command-line option ‘-std=gnu++11’ is valid for C++/ObjC++ but not for C
cc1: warning: command-line option ‘-fno-threadsafe-statics’ is valid for C++/ObjC++ but not for C
  CC      ../../library/t_perror.c
  CC      ../../library/strerror.c
cc1: warning: command-line option ‘-std=gnu++11’ is valid for C++/ObjC++ but not for C
cc1: warning: command-line option ‘-fno-threadsafe-statics’ is valid for C++/ObjC++ but not for C
cc1: warning: command-line option ‘-std=gnu++11’ is valid for C++/ObjC++ but not for C
cc1: warning: command-line option ‘-fno-threadsafe-statics’ is valid for C++/ObjC++ but not for C
In file included from ../../target/raspi_gcc/pil/include/driver_interface_lcd.h:7,
                 from ../../target/raspi_gcc/pil/include/platform_interface_layer.h:14,
                 from ../../target/raspi_gcc/drivers/uart/include/uart_dri.h:4,
                 from ../../target/raspi_gcc/athrill/vdev_prot_raspike.c:14:
../../include/itron.h:113: warning: "TRUE" redefined
  113 | #define TRUE  true   /* 真 */
      | 
In file included from ../../target/raspi_gcc/athrill/vdev.h:4,
                 from ../../target/raspi_gcc/athrill/vdev_prot_raspike.c:6:
../../target/raspi_gcc/athrill/std_types.h:29: note: this is the location of the previous definition
   29 | #define TRUE (1U)
      | 
In file included from ../../target/raspi_gcc/pil/include/driver_interface_lcd.h:7,
                 from ../../target/raspi_gcc/pil/include/platform_interface_layer.h:14,
                 from ../../target/raspi_gcc/drivers/uart/include/uart_dri.h:4,
                 from ../../target/raspi_gcc/athrill/vdev_prot_raspike.c:14:
../../include/itron.h:114: warning: "FALSE" redefined
  114 | #define FALSE  false   /* 偽 */
      | 
In file included from ../../target/raspi_gcc/athrill/vdev.h:4,
                 from ../../target/raspi_gcc/athrill/vdev_prot_raspike.c:6:
../../target/raspi_gcc/athrill/std_types.h:33: note: this is the location of the previous definition
   33 | #define FALSE (0U)
      | 
../../target/raspi_gcc/athrill/vdev_prot_raspike.c: In function ‘raspike_uart_wait_mode_change’:
../../target/raspi_gcc/athrill/vdev_prot_raspike.c:95:33: warning: passing argument 1 of ‘sil_rew_mem’ discards ‘volatile’ qualifier from pointer target type [-Wdiscarded-qualifiers]
   95 |     uint32_t data = sil_rew_mem(addr);
      |                                 ^~~~
In file included from ../../target/raspi_gcc/athrill/vdev_prot_raspike.c:15:
../../include/sil.h:215:29: note: expected ‘const uint32_t *’ {aka ‘const unsigned int *’} but argument is of type ‘volatile uint32_t *’ {aka ‘volatile unsigned int *’}
  215 | sil_rew_mem(const uint32_t *mem)
      |             ~~~~~~~~~~~~~~~~^~~
../../target/raspi_gcc/athrill/vdev_prot_raspike.c: In function ‘vdevProtRaspikeInit’:
../../target/raspi_gcc/athrill/vdev_prot_raspike.c:118:19: warning: passing argument 1 of ‘SilSetWriteHook’ from incompatible pointer type [-Wincompatible-pointer-types]
  118 |   SilSetWriteHook(vdevProtRaspikeSilCb);
      |                   ^~~~~~~~~~~~~~~~~~~~
      |                   |
      |                   Std_ReturnType (*)(int,  uint32,  void *) {aka unsigned int (*)(int,  unsigned int,  void *)}
In file included from ../../target/raspi_gcc/athrill/vdev_prot_raspike.c:7:
../../target/raspi_gcc/target_sil.h:117:48: note: expected ‘SilWriteHook’ {aka ‘unsigned int (* const)(int,  unsigned int,  const void *)’} but argument is of type ‘Std_ReturnType (*)(int,  uint32,  void *)’ {aka ‘unsigned int (*)(int,  unsigned int,  void *)’}
  117 | extern void SilSetWriteHook(const SilWriteHook hook);
      |                             ~~~~~~~~~~~~~~~~~~~^~~~
../../target/raspi_gcc/athrill/vdev_prot_raspike.c:110:18: warning: variable ‘err’ set but not used [-Wunused-but-set-variable]
  110 |   Std_ReturnType err;
      |                  ^~~
../../target/raspi_gcc/athrill/vdev_prot_raspike.c: In function ‘vdevProtRaspikeSilCb’:
../../target/raspi_gcc/athrill/vdev_prot_raspike.c:301:24: warning: pointer targets in passing argument 1 of ‘cur_com->send’ differ in signedness [-Wpointer-sign]
  301 |    len = cur_com->send(buf,3);
      |                        ^~~
      |                        |
      |                        char *
../../target/raspi_gcc/athrill/vdev_prot_raspike.c:301:24: note: expected ‘const unsigned char *’ but argument is of type ‘char *’
../../target/raspi_gcc/athrill/vdev_prot_raspike.c:309:27: warning: pointer targets in initialization of ‘volatile uint32_t *’ {aka ‘volatile unsigned int *’} from ‘volatile int *’ differ in signedness [-Wpointer-sign]
  309 |    volatile uint32_t *p = (ack_received+send_idx);
      |                           ^
../../target/raspi_gcc/athrill/vdev_prot_raspike.c:282:6: warning: unused variable ‘cmd’ [-Wunused-variable]
  282 |  int cmd = 1; /* cmd 1 (command) */
      |      ^~~
../../target/raspi_gcc/athrill/vdev_prot_raspike.c:349:27: warning: pointer targets in passing argument 1 of ‘cur_com->send’ differ in signedness [-Wpointer-sign]
  349 |       len = cur_com->send(makeCommand(127,0,buf),3);
      |                           ^~~~~~~~~~~~~~~~~~~~~~
      |                           |
      |                           char *
../../target/raspi_gcc/athrill/vdev_prot_raspike.c:349:27: note: expected ‘const unsigned char *’ but argument is of type ‘char *’
../../target/raspi_gcc/athrill/vdev_prot_raspike.c:270:9: warning: unused variable ‘num’ [-Wunused-variable]
  270 |     int num = 0;
      |         ^~~
../../target/raspi_gcc/athrill/vdev_prot_raspike.c:242:7: warning: variable ‘len’ set but not used [-Wunused-but-set-variable]
  242 |   int len;
      |       ^~~
../../target/raspi_gcc/athrill/vdev_prot_raspike.c: In function ‘vdev_thread_do_proc’:
../../target/raspi_gcc/athrill/vdev_prot_raspike.c:393:29: warning: pointer targets in passing argument 1 of ‘cur_com->receive’ differ in signedness [-Wpointer-sign]
  393 |      err = cur_com->receive(buf,1);
      |                             ^~~
      |                             |
      |                             char *
../../target/raspi_gcc/athrill/vdev_prot_raspike.c:393:29: note: expected ‘unsigned char *’ but argument is of type ‘char *’
../../target/raspi_gcc/athrill/vdev_prot_raspike.c:404:27: warning: pointer targets in passing argument 1 of ‘cur_com->receive’ differ in signedness [-Wpointer-sign]
  404 |    err = cur_com->receive(buf,RASPIKE_RX_SIZE);
      |                           ^~~
      |                           |
      |                           char *
../../target/raspi_gcc/athrill/vdev_prot_raspike.c:404:27: note: expected ‘unsigned char *’ but argument is of type ‘char *’
In file included from ../../target/raspi_gcc/athrill/vdev_prot_raspike.c:6:
../../target/raspi_gcc/athrill/vdev.h:9:21: warning: initialization of ‘char *’ from ‘unsigned int’ makes pointer from integer without a cast [-Wint-conversion]
    9 | #define VDEV_BASE   ((unsigned int)(athrill_vdev_mem))
      |                     ^
../../target/raspi_gcc/athrill/vdev.h:12:27: note: in expansion of macro ‘VDEV_BASE’
   12 | #define VDEV_RX_DATA_BASE VDEV_BASE
      |                           ^~~~~~~~~
../../target/raspi_gcc/athrill/vdev_prot_raspike.c:424:16: note: in expansion of macro ‘VDEV_RX_DATA_BASE’
  424 |      char *p = VDEV_RX_DATA_BASE + cmd_id*4;
      |                ^~~~~~~~~~~~~~~~~
../../target/raspi_gcc/athrill/vdev_prot_raspike.c:381:9: warning: unused variable ‘curr_stime’ [-Wunused-variable]
  381 |  uint64 curr_stime;
      |         ^~~~~~~~~~
  CC      ../common/ev3api/src/ev3api.c
At top level:
../../target/raspi_gcc/athrill/vdev_prot_raspike.c:154:15: warning: ‘get_msec_from_previous_time’ defined but not used [-Wunused-function]
  154 | static uint32 get_msec_from_previous_time(const struct timespec *now,const struct timespec *before)
      |               ^~~~~~~~~~~~~~~~~~~~~~~~~~~
../../target/raspi_gcc/athrill/vdev_prot_raspike.c:147:15: warning: ‘get_time_from_previous_sending’ defined but not used [-Wunused-function]
  147 | static uint32 get_time_from_previous_sending(void)
      |               ^~~~~~~~~~~~~~~~~~~~~~~~~~~~~~
../../target/raspi_gcc/athrill/vdev_prot_raspike.c:59:22: warning: ‘common_header’ defined but not used [-Wunused-variable]
   59 | static RaspikeHeader common_header;
      |                      ^~~~~~~~~~~~~
../../target/raspi_gcc/athrill/vdev_prot_raspike.c:57:23: warning: ‘send_command’ defined but not used [-Wunused-variable]
   57 | static RaspikeCommand send_command;
      |                       ^~~~~~~~~~~~
../../target/raspi_gcc/athrill/vdev_prot_raspike.c:33:13: warning: ‘unlock_task’ defined but not used [-Wunused-function]
   33 | static void unlock_task(void)
      |             ^~~~~~~~~~~
../../target/raspi_gcc/athrill/vdev_prot_raspike.c:24:13: warning: ‘lock_task’ defined but not used [-Wunused-function]
   24 | static void lock_task(void)
      |             ^~~~~~~~~
cc1: warning: command-line option ‘-std=gnu++11’ is valid for C++/ObjC++ but not for C
cc1: warning: command-line option ‘-fno-threadsafe-statics’ is valid for C++/ObjC++ but not for C
  CC      ../common/ev3api/src/ev3api_battery.c
cc1: warning: command-line option ‘-std=gnu++11’ is valid for C++/ObjC++ but not for C
cc1: warning: command-line option ‘-fno-threadsafe-statics’ is valid for C++/ObjC++ but not for C
  CC      ../common/ev3api/src/ev3api_brick.c
  CC      ../common/ev3api/src/ev3api_fs.c
cc1: warning: command-line option ‘-std=gnu++11’ is valid for C++/ObjC++ but not for C
cc1: warning: command-line option ‘-fno-threadsafe-statics’ is valid for C++/ObjC++ but not for C
cc1: warning: command-line option ‘-std=gnu++11’ is valid for C++/ObjC++ but not for C
cc1: warning: command-line option ‘-fno-threadsafe-statics’ is valid for C++/ObjC++ but not for C
  CC      ../common/ev3api/src/ev3api_speaker.c
  CC      ../common/ev3api/src/ev3api_lcd.c
cc1: warning: command-line option ‘-std=gnu++11’ is valid for C++/ObjC++ but not for C
cc1: warning: command-line option ‘-fno-threadsafe-statics’ is valid for C++/ObjC++ but not for C
../common/ev3api/src/ev3api_battery.c:22:20: warning: ‘AMP_VIN’ defined but not used [-Wunused-const-variable=]
   22 | static const float AMP_VIN = 0.5f;
      |                    ^~~~~~~
../common/ev3api/src/ev3api_battery.c:21:20: warning: ‘VCE’ defined but not used [-Wunused-const-variable=]
   21 | static const float VCE = 0.05f;
      |                    ^~~
../common/ev3api/src/ev3api_battery.c:18:20: warning: ‘AMP_CIN’ defined but not used [-Wunused-const-variable=]
   18 | static const float AMP_CIN = 22.0f;
      |                    ^~~~~~~
../common/ev3api/src/ev3api_battery.c:17:20: warning: ‘SHUNT_IN’ defined but not used [-Wunused-const-variable=]
   17 | static const float SHUNT_IN = 0.11f;
      |                    ^~~~~~~~
cc1: warning: command-line option ‘-std=gnu++11’ is valid for C++/ObjC++ but not for C
cc1: warning: command-line option ‘-fno-threadsafe-statics’ is valid for C++/ObjC++ but not for C
  CC      ../common/ev3api/src/ev3api_motor.c
  CC      ../common/ev3api/src/ev3api_newlib.c
cc1: warning: command-line option ‘-std=gnu++11’ is valid for C++/ObjC++ but not for C
cc1: warning: command-line option ‘-std=gnu++11’ is valid for C++/ObjC++ but not for C
cc1: warning: command-line option ‘-fno-threadsafe-statics’ is valid for C++/ObjC++ but not for C
cc1: warning: command-line option ‘-fno-threadsafe-statics’ is valid for C++/ObjC++ but not for C
  CC      ../common/ev3api/src/ev3api_sensor.c
cc1plus: warning: command-line option ‘-std=c99’ is valid for C/ObjC but not for C++
cc1: warning: command-line option ‘-std=gnu++11’ is valid for C++/ObjC++ but not for C
cc1: warning: command-line option ‘-fno-threadsafe-statics’ is valid for C++/ObjC++ but not for C
cc1plus: warning: command-line option ‘-std=c99’ is valid for C/ObjC but not for C++
../common/ev3api/src/ev3api_motor.c: In function ‘ev3_motor_config’:
../common/ev3api/src/ev3api_motor.c:63:6: warning: unused variable ‘i’ [-Wunused-variable]
   63 |  int i;
      |      ^
../common/ev3api/src/ev3api_fs.c: In function ‘ev3_sdcard_readdir’:
../common/ev3api/src/ev3api_fs.c:142:2: warning: ‘strncpy’ output may be truncated copying 255 bytes from a string of length 255 [-Wstringop-truncation]
  142 |  strncpy(fileinfo->name, nfo.fname, TMAX_FILENAME_LEN);
      |  ^~~~~~~~~~~~~~~~~~~~~~~~~~~~~~~~~~~~~~~~~~~~~~~~~~~~~
cc1plus: warning: command-line option ‘-std=c99’ is valid for C/ObjC but not for C++
../common/ev3api/src/ev3api_sensor.c: In function ‘ev3_sensor_config’:
../common/ev3api/src/ev3api_sensor.c:139:4: warning: implicit declaration of function ‘uart_dri_set_sensor_mode’; did you mean ‘uart_dri_set_sensort_mode’? [-Wimplicit-function-declaration]
  139 |    uart_dri_set_sensor_mode(port,-1);
      |    ^~~~~~~~~~~~~~~~~~~~~~~~
      |    uart_dri_set_sensort_mode
cc1plus: warning: command-line option ‘-std=c99’ is valid for C/ObjC but not for C++
cc1plus: warning: command-line option ‘-std=c99’ is valid for C/ObjC but not for C++
cc1plus: warning: command-line option ‘-std=c99’ is valid for C/ObjC but not for C++
cc1plus: warning: command-line option ‘-std=c99’ is valid for C/ObjC but not for C++
cc1plus: warning: command-line option ‘-std=c99’ is valid for C/ObjC but not for C++
In file included from ../workspace/proto/app.cpp:20:
../workspace/proto/./workspace/include/Sonic/UltraSonic.h:22: warning: "PI" redefined
   22 | #define PI 3.141592653589793
      | 
In file included from ../workspace/proto/./workspace/include/Action/LineTrace.h:6,
                 from ../workspace/proto/app.cpp:15:
../workspace/proto/./workspace/include/Action/./TrapezoidControl.h:29: note: this is the location of the previous definition
   29 | #define PI    (3.141592653589793f) /* �~����      */
      | 
In file included from ../workspace/proto/app.cpp:20:
../workspace/proto/./workspace/include/Sonic/UltraSonic.h:23: warning: "DIST" redefined
   23 | #define DIST ((PI) * (double)CAR_WHEEL_WIDTH) / 360.0f
      | 
In file included from ../workspace/proto/./workspace/include/Action/LineTrace.h:5,
                 from ../workspace/proto/app.cpp:15:
../workspace/proto/./workspace/include/Action/../CarData/CarData.h:9: note: this is the location of the previous definition
    9 | #define DIST (((PI) * CAR_WHEEL_WIDTH) / 360.0f)
      | 
cc1plus: warning: command-line option ‘-std=c99’ is valid for C/ObjC but not for C++
../workspace/proto/workspace/src/Action/Action.cpp: In function ‘int8 run(int32)’:
../workspace/proto/workspace/src/Action/Action.cpp:7:23: warning: no return statement in function returning non-void [-Wreturn-type]
    7 | int8 run(int32 speed){}
      |                       ^
cc1plus: warning: command-line option ‘-std=c99’ is valid for C/ObjC but not for C++
cc1plus: warning: command-line option ‘-std=c99’ is valid for C/ObjC but not for C++
In file included from /usr/include/wchar.h:35,
                 from /usr/include/c++/10/cwchar:44,
                 from /usr/include/c++/10/bits/postypes.h:40,
                 from /usr/include/c++/10/iosfwd:40,
                 from /usr/include/c++/10/ios:38,
                 from /usr/include/c++/10/istream:38,
                 from /usr/include/c++/10/sstream:38,
                 from /usr/include/c++/10/complex:45,
                 from ../workspace/proto/./workspace/include/Action/././AccelerationCurve.h:10,
                 from ../workspace/proto/./workspace/include/Action/./AccelerationDesigner.h:10,
                 from ../workspace/proto/./workspace/include/Action/./TrapezoidControl.h:13,
                 from ../workspace/proto/./workspace/include/Action/LineTrace.h:6,
                 from ../workspace/proto/app.cpp:15:
../../include/t_stddef.h:221:32: error: template definition of non-template ‘struct std::alignment_of<_Tp>::<unnamed>’
  221 | #define alignof(type) offsetof(struct { char field1; type field2; }, field2)
      |                                ^~~~~~
../../include/t_stddef.h:221:39: error: types may not be defined within ‘__builtin_offsetof’
  221 | #define alignof(type) offsetof(struct { char field1; type field2; }, field2)
      |                                       ^
../../include/t_stddef.h:221:39: error: types may not be defined within ‘__builtin_offsetof’
  221 | #define alignof(type) offsetof(struct { char field1; type field2; }, field2)
      |                                       ^
In file included from /usr/include/wchar.h:35,
                 from /usr/include/c++/10/cwchar:44,
                 from /usr/include/c++/10/bits/postypes.h:40,
                 from /usr/include/c++/10/iosfwd:40,
                 from /usr/include/c++/10/ios:38,
                 from /usr/include/c++/10/istream:38,
                 from /usr/include/c++/10/sstream:38,
                 from /usr/include/c++/10/complex:45,
                 from ../workspace/proto/workspace/src/Action/../../include/Action/././AccelerationCurve.h:10,
                 from ../workspace/proto/workspace/src/Action/../../include/Action/./AccelerationDesigner.h:10,
                 from ../workspace/proto/workspace/src/Action/../../include/Action/./TrapezoidControl.h:13,
                 from ../workspace/proto/workspace/src/Action/../../include/Action/LineTrace.h:6,
                 from ../workspace/proto/workspace/src/Action/LineTrace.cpp:1:
../../include/t_stddef.h:221:32: error: template definition of non-template ‘struct std::alignment_of<_Tp>::<unnamed>’
  221 | #define alignof(type) offsetof(struct { char field1; type field2; }, field2)
      |                                ^~~~~~
../workspace/proto/workspace/src/ColorSpace/ColorSensor.cpp: In member function ‘int8 ColorSensor::Init()’:
../workspace/proto/workspace/src/ColorSpace/ColorSensor.cpp:17:7: warning: unused variable ‘che’ [-Wunused-variable]
   17 |  int8 che = 0;
      |       ^~~
../../include/t_stddef.h:221:39: error: types may not be defined within ‘__builtin_offsetof’
  221 | #define alignof(type) offsetof(struct { char field1; type field2; }, field2)
      |                                       ^
../../include/t_stddef.h:221:39: error: types may not be defined within ‘__builtin_offsetof’
  221 | #define alignof(type) offsetof(struct { char field1; type field2; }, field2)
      |                                       ^
cc1plus: warning: command-line option ‘-std=c99’ is valid for C/ObjC but not for C++
cc1plus: warning: command-line option ‘-std=c99’ is valid for C/ObjC but not for C++
../workspace/proto/workspace/src/ColorSpace/HSV.cpp: In member function ‘HSV_DATA HSV::convert(RGB_DATA)’:
../workspace/proto/workspace/src/ColorSpace/HSV.cpp:30:12: warning: unused variable ‘v’ [-Wunused-variable]
   30 |     double v=0.0f;
      |            ^
cc1plus: warning: command-line option ‘-std=c99’ is valid for C/ObjC but not for C++
cc1plus: warning: command-line option ‘-std=c99’ is valid for C/ObjC but not for C++
cc1plus: warning: command-line option ‘-std=c99’ is valid for C/ObjC but not for C++
cc1plus: warning: command-line option ‘-std=c99’ is valid for C/ObjC but not for C++
cc1plus: warning: command-line option ‘-std=c99’ is valid for C/ObjC but not for C++
cc1plus: warning: command-line option ‘-std=c99’ is valid for C/ObjC but not for C++
../workspace/proto/workspace/src/Steering/Steering.cpp: In member function ‘int8 Steering::update()’:
../workspace/proto/workspace/src/Steering/Steering.cpp:41:7: warning: unused variable ‘retChk’ [-Wunused-variable]
   41 |  int8 retChk = SYS_NG;
      |       ^~~~~~
cc1plus: warning: command-line option ‘-std=c99’ is valid for C/ObjC but not for C++
In file included from /usr/include/wchar.h:35,
                 from /usr/include/c++/10/cwchar:44,
                 from /usr/include/c++/10/bits/postypes.h:40,
                 from /usr/include/c++/10/iosfwd:40,
                 from /usr/include/c++/10/ios:38,
                 from /usr/include/c++/10/istream:38,
                 from /usr/include/c++/10/sstream:38,
                 from /usr/include/c++/10/complex:45,
                 from ../workspace/proto/workspace/src/Action/../../include/Action/./AccelerationCurve.h:10,
                 from ../workspace/proto/workspace/src/Action/../../include/Action/AccelerationDesigner.h:10,
                 from ../workspace/proto/workspace/src/Action/../../include/Action/TrapezoidControl.h:13,
                 from ../workspace/proto/workspace/src/Action/TrapezoidControl.cpp:6:
../../include/t_stddef.h:221:32: error: template definition of non-template ‘struct std::alignment_of<_Tp>::<unnamed>’
  221 | #define alignof(type) offsetof(struct { char field1; type field2; }, field2)
      |                                ^~~~~~
../../include/t_stddef.h:221:39: error: types may not be defined within ‘__builtin_offsetof’
  221 | #define alignof(type) offsetof(struct { char field1; type field2; }, field2)
      |                                       ^
../../include/t_stddef.h:221:39: error: types may not be defined within ‘__builtin_offsetof’
  221 | #define alignof(type) offsetof(struct { char field1; type field2; }, field2)
      |                                       ^
In file included from /usr/include/wchar.h:35,
                 from /usr/include/c++/10/cwchar:44,
                 from /usr/include/c++/10/bits/postypes.h:40,
                 from /usr/include/c++/10/iosfwd:40,
                 from /usr/include/c++/10/ios:38,
                 from /usr/include/c++/10/istream:38,
                 from /usr/include/c++/10/sstream:38,
                 from /usr/include/c++/10/complex:45,
                 from ../workspace/proto/workspace/include/Action/./././AccelerationCurve.h:10,
                 from ../workspace/proto/workspace/include/Action/././AccelerationDesigner.h:10,
                 from ../workspace/proto/workspace/include/Action/././TrapezoidControl.h:13,
                 from ../workspace/proto/workspace/include/Action/./Curve.h:6,
                 from ../workspace/proto/workspace/src/Action/Curve.cpp:5:
../../include/t_stddef.h:221:32: error: template definition of non-template ‘struct std::alignment_of<_Tp>::<unnamed>’
  221 | #define alignof(type) offsetof(struct { char field1; type field2; }, field2)
      |                                ^~~~~~
../../include/t_stddef.h:221:39: error: types may not be defined within ‘__builtin_offsetof’
  221 | #define alignof(type) offsetof(struct { char field1; type field2; }, field2)
      |                                       ^
../../include/t_stddef.h:221:39: error: types may not be defined within ‘__builtin_offsetof’
  221 | #define alignof(type) offsetof(struct { char field1; type field2; }, field2)
      |                                       ^
In file included from /usr/include/wchar.h:35,
                 from /usr/include/c++/10/cwchar:44,
                 from /usr/include/c++/10/bits/postypes.h:40,
                 from /usr/include/c++/10/iosfwd:40,
                 from /usr/include/c++/10/ios:38,
                 from /usr/include/c++/10/istream:38,
                 from /usr/include/c++/10/sstream:38,
                 from /usr/include/c++/10/complex:45,
                 from ../workspace/proto/workspace/src/Action/../../include/Action/././AccelerationCurve.h:10,
                 from ../workspace/proto/workspace/src/Action/../../include/Action/./AccelerationDesigner.h:10,
                 from ../workspace/proto/workspace/src/Action/../../include/Action/./TrapezoidControl.h:13,
                 from ../workspace/proto/workspace/src/Action/../../include/Action/Straight.h:5,
                 from ../workspace/proto/workspace/src/Action/Straight.cpp:1:
../../include/t_stddef.h:221:32: error: template definition of non-template ‘struct std::alignment_of<_Tp>::<unnamed>’
  221 | #define alignof(type) offsetof(struct { char field1; type field2; }, field2)
      |                                ^~~~~~
../../include/t_stddef.h:221:39: error: types may not be defined within ‘__builtin_offsetof’
  221 | #define alignof(type) offsetof(struct { char field1; type field2; }, field2)
      |                                       ^
../../include/t_stddef.h:221:39: error: types may not be defined within ‘__builtin_offsetof’
  221 | #define alignof(type) offsetof(struct { char field1; type field2; }, field2)
      |                                       ^
../workspace/proto/app.cpp: In function ‘void start_task(intptr_t)’:
../workspace/proto/app.cpp:58:10: warning: unused variable ‘command’ [-Wunused-variable]
   58 |     char command[] = {"logon -section -trace \n"};
      |          ^~~~~~~
../workspace/proto/workspace/src/Action/Turn.cpp: In member function ‘virtual int8 Turn::run(int32)’:
../workspace/proto/workspace/src/Action/Turn.cpp:21:29: warning: format ‘%f’ expects argument of type ‘double’, but argument 3 has type ‘int’ [-Wformat=]
   21 |  printf("nowangle:%f,angle:%f\n",nowAngle,angle);
      |                            ~^             ~~~~~
      |                             |             |
      |                             double        int
      |                            %d
../workspace/proto/app.cpp:60:12: warning: unused variable ‘index’ [-Wunused-variable]
   60 |     uint16 index = 0;
      |            ^~~~~
../workspace/proto/workspace/src/Action/Turn.cpp:11:7: warning: unused variable ‘retChk’ [-Wunused-variable]
   11 |  int8 retChk = SYS_NG;
      |       ^~~~~~
../workspace/proto/app.cpp: At global scope:
../workspace/proto/app.cpp:51:13: warning: ‘void user_system_destroy()’ defined but not used [-Wunused-function]
   51 | static void user_system_destroy()
      |             ^~~~~~~~~~~~~~~~~~~
make[2]: *** [Makefile:784: app.o] Error 1
make[2]: *** Waiting for unfinished jobs....
make[2]: *** [Makefile:784: LineTrace.o] Error 1
make[2]: *** [Makefile:784: TrapezoidControl.o] Error 1
make[2]: *** [Makefile:784: Curve.o] Error 1
make[2]: *** [Makefile:784: Straight.o] Error 1
make[1]: *** [Makefile:301: all] Error 2
make: *** [../common/Makefile.workspace:71: img] Error 2
